<?xml version="1.0" encoding="UTF-8"?>
<!-- Generated by org.testng.reporters.JUnitReportReporter -->
<testsuite hostname="LPT060-P1" name="testpackage.FirstTest" tests="1" failures="0" timestamp="11 Mar 2015 09:35:39 GMT" time="0.966" errors="0">
  <testcase name="verifyHomepageTitle" time="0.966" classname="testpackage.FirstTest"/>
</testsuite> <!-- testpackage.FirstTest -->
