<?xml version="1.0" encoding="UTF-8"?>
<!-- Generated by org.testng.reporters.JUnitReportReporter -->
<testsuite hostname="LPT060-P1" name="testpackage.SampleTestNgTest" tests="1" failures="0" timestamp="11 Mar 2015 07:13:09 GMT" time="12.317" errors="0">
  <testcase name="testHomePageHasAHeader" time="12.317" classname="testpackage.SampleTestNgTest"/>
</testsuite> <!-- testpackage.SampleTestNgTest -->
